<?xml version="1.0" encoding="UTF-8"?>
<testng-results skipped="0" failed="1" ignored="0" total="3" passed="2">
  <reporter-output>
    <line>
      <![CDATA[==========Browser Started===========]]>
    </line>
    <line>
      <![CDATA[============Inside the Home Page============]]>
    </line>
    <line>
      <![CDATA[==========Browser Killed===========]]>
    </line>
  </reporter-output>
  <suite name="Default suite" duration-ms="41435" started-at="2019-07-17T15:57:42Z" finished-at="2019-07-17T15:58:24Z">
    <groups>
    </groups>
    <test name="Default test" duration-ms="41435" started-at="2019-07-17T15:57:42Z" finished-at="2019-07-17T15:58:24Z">
      <class name="com.expressdemo.test.TestClass">
        <test-method status="PASS" signature="startBrowser()[pri:0, instance:com.expressdemo.test.TestClass@3bfdc050]" name="startBrowser" is-config="true" duration-ms="13471" started-at="2019-07-17T21:27:42Z" finished-at="2019-07-17T21:27:56Z">
          <reporter-output>
            <line>
              <![CDATA[==========Browser Started===========]]>
            </line>
          </reporter-output>
        </test-method> <!-- startBrowser -->
        <test-method status="FAIL" signature="loginToApplication(java.lang.String, java.lang.String)[pri:1, instance:com.expressdemo.test.TestClass@3bfdc050]" name="loginToApplication" duration-ms="8095" started-at="2019-07-17T21:27:57Z" description="This TC will perform valid login" data-provider="providelogininfo" finished-at="2019-07-17T21:28:05Z">
          <params>
            <param index="0">
              <value>
                <![CDATA[abc]]>
              </value>
            </param>
            <param index="1">
              <value>
                <![CDATA[abc]]>
              </value>
            </param>
          </params>
          <exception class="org.openqa.selenium.NoSuchElementException">
            <message>
              <![CDATA[no such element: Unable to locate element: {"method":"xpath","selector":"//li[text()='Dashboard']"}
  (Session info: chrome=75.0.3770.100)
For documentation on this error, please visit: http://seleniumhq.org/exceptions/no_such_element.html
Build info: version: '3.6.0', revision: '6fbf3ec767', time: '2017-09-27T15:28:36.4Z'
System info: host: 'MCNJY01', ip: '192.168.56.1', os.name: 'Windows 7', os.arch: 'amd64', os.version: '6.1', java.version: '1.8.0_221'
Driver info: org.openqa.selenium.chrome.ChromeDriver
Capabilities [{networkConnectionEnabled=false, chrome={chromedriverVersion=75.0.3770.8 (681f24ea911fe754973dda2fdc6d2a2e159dd300-refs/branch-heads/3770@{#40}), userDataDir=C:\Users\njy\AppData\Local\Temp\scoped_dir9056_15055}, timeouts={implicit=0, pageLoad=300000, script=30000}, pageLoadStrategy=normal, unhandledPromptBehavior=dismiss and notify, strictFileInteractability=false, platform=XP, proxy=Proxy(), goog:chromeOptions={debuggerAddress=localhost:50732}, acceptInsecureCerts=false, browserVersion=75.0.3770.100, browserName=chrome, javascriptEnabled=true, platformName=XP, setWindowRect=true}]
Session ID: 7ea13cac0ebaf4946764bda2bf30246a
*** Element info: {Using=xpath, value=//li[text()='Dashboard']}]]>
            </message>
            <full-stacktrace>
              <![CDATA[org.openqa.selenium.NoSuchElementException: no such element: Unable to locate element: {"method":"xpath","selector":"//li[text()='Dashboard']"}
  (Session info: chrome=75.0.3770.100)
For documentation on this error, please visit: http://seleniumhq.org/exceptions/no_such_element.html
Build info: version: '3.6.0', revision: '6fbf3ec767', time: '2017-09-27T15:28:36.4Z'
System info: host: 'MCNJY01', ip: '192.168.56.1', os.name: 'Windows 7', os.arch: 'amd64', os.version: '6.1', java.version: '1.8.0_221'
Driver info: org.openqa.selenium.chrome.ChromeDriver
Capabilities [{networkConnectionEnabled=false, chrome={chromedriverVersion=75.0.3770.8 (681f24ea911fe754973dda2fdc6d2a2e159dd300-refs/branch-heads/3770@{#40}), userDataDir=C:\Users\njy\AppData\Local\Temp\scoped_dir9056_15055}, timeouts={implicit=0, pageLoad=300000, script=30000}, pageLoadStrategy=normal, unhandledPromptBehavior=dismiss and notify, strictFileInteractability=false, platform=XP, proxy=Proxy(), goog:chromeOptions={debuggerAddress=localhost:50732}, acceptInsecureCerts=false, browserVersion=75.0.3770.100, browserName=chrome, javascriptEnabled=true, platformName=XP, setWindowRect=true}]
Session ID: 7ea13cac0ebaf4946764bda2bf30246a
*** Element info: {Using=xpath, value=//li[text()='Dashboard']}
	at sun.reflect.NativeConstructorAccessorImpl.newInstance0(Native Method)
	at sun.reflect.NativeConstructorAccessorImpl.newInstance(Unknown Source)
	at sun.reflect.DelegatingConstructorAccessorImpl.newInstance(Unknown Source)
	at java.lang.reflect.Constructor.newInstance(Unknown Source)
	at org.openqa.selenium.remote.http.W3CHttpResponseCodec.createException(W3CHttpResponseCodec.java:185)
	at org.openqa.selenium.remote.http.W3CHttpResponseCodec.decode(W3CHttpResponseCodec.java:120)
	at org.openqa.selenium.remote.http.W3CHttpResponseCodec.decode(W3CHttpResponseCodec.java:49)
	at org.openqa.selenium.remote.HttpCommandExecutor.execute(HttpCommandExecutor.java:164)
	at org.openqa.selenium.remote.service.DriverCommandExecutor.execute(DriverCommandExecutor.java:83)
	at org.openqa.selenium.remote.RemoteWebDriver.execute(RemoteWebDriver.java:586)
	at org.openqa.selenium.remote.RemoteWebDriver.findElement(RemoteWebDriver.java:356)
	at org.openqa.selenium.remote.RemoteWebDriver.findElementByXPath(RemoteWebDriver.java:458)
	at org.openqa.selenium.By$ByXPath.findElement(By.java:361)
	at org.openqa.selenium.remote.RemoteWebDriver.findElement(RemoteWebDriver.java:348)
	at com.expressdemo.utility.Base.verifyDashBoardisPresent(Base.java:116)
	at com.expressdemo.test.TestClass.loginToApplication(TestClass.java:50)
	at sun.reflect.NativeMethodAccessorImpl.invoke0(Native Method)
	at sun.reflect.NativeMethodAccessorImpl.invoke(Unknown Source)
	at sun.reflect.DelegatingMethodAccessorImpl.invoke(Unknown Source)
	at java.lang.reflect.Method.invoke(Unknown Source)
	at org.testng.internal.MethodInvocationHelper.invokeMethod(MethodInvocationHelper.java:108)
	at org.testng.internal.Invoker.invokeMethod(Invoker.java:661)
	at org.testng.internal.Invoker.invokeTestMethod(Invoker.java:869)
	at org.testng.internal.Invoker.invokeTestMethods(Invoker.java:1193)
	at org.testng.internal.TestMethodWorker.invokeTestMethods(TestMethodWorker.java:126)
	at org.testng.internal.TestMethodWorker.run(TestMethodWorker.java:109)
	at org.testng.TestRunner.privateRun(TestRunner.java:744)
	at org.testng.TestRunner.run(TestRunner.java:602)
	at org.testng.SuiteRunner.runTest(SuiteRunner.java:380)
	at org.testng.SuiteRunner.runSequentially(SuiteRunner.java:375)
	at org.testng.SuiteRunner.privateRun(SuiteRunner.java:340)
	at org.testng.SuiteRunner.run(SuiteRunner.java:289)
	at org.testng.SuiteRunnerWorker.runSuite(SuiteRunnerWorker.java:52)
	at org.testng.SuiteRunnerWorker.run(SuiteRunnerWorker.java:86)
	at org.testng.TestNG.runSuitesSequentially(TestNG.java:1301)
	at org.testng.TestNG.runSuitesLocally(TestNG.java:1226)
	at org.testng.TestNG.runSuites(TestNG.java:1144)
	at org.testng.TestNG.run(TestNG.java:1115)
	at org.testng.remote.AbstractRemoteTestNG.run(AbstractRemoteTestNG.java:132)
	at org.testng.remote.RemoteTestNG.initAndRun(RemoteTestNG.java:230)
	at org.testng.remote.RemoteTestNG.main(RemoteTestNG.java:76)
]]>
            </full-stacktrace>
          </exception> <!-- org.openqa.selenium.NoSuchElementException -->
          <reporter-output>
          </reporter-output>
        </test-method> <!-- loginToApplication -->
        <test-method status="PASS" signature="tearDown(org.testng.ITestResult)[pri:0, instance:com.expressdemo.test.TestClass@3bfdc050]" name="tearDown" is-config="true" duration-ms="3102" started-at="2019-07-17T21:28:05Z" finished-at="2019-07-17T21:28:08Z">
          <params>
            <param index="0">
              <value>
                <![CDATA[[TestResult name=loginToApplication status=FAILURE method=TestClass.loginToApplication(java.lang.String, java.lang.String)[pri:1, instance:com.expressdemo.test.TestClass@3bfdc050] output={null}]]]>
              </value>
            </param>
          </params>
          <reporter-output>
          </reporter-output>
        </test-method> <!-- tearDown -->
        <test-method status="PASS" signature="loginToApplication(java.lang.String, java.lang.String)[pri:1, instance:com.expressdemo.test.TestClass@3bfdc050]" name="loginToApplication" duration-ms="10010" started-at="2019-07-17T21:28:08Z" description="This TC will perform valid login" data-provider="providelogininfo" finished-at="2019-07-17T21:28:18Z">
          <params>
            <param index="0">
              <value>
                <![CDATA[admin]]>
              </value>
            </param>
            <param index="1">
              <value>
                <![CDATA[admin123]]>
              </value>
            </param>
          </params>
          <reporter-output>
            <line>
              <![CDATA[============Inside the Home Page============]]>
            </line>
          </reporter-output>
        </test-method> <!-- loginToApplication -->
        <test-method status="PASS" signature="applyFirstLeave()[pri:2, instance:com.expressdemo.test.TestClass@3bfdc050]" name="applyFirstLeave" duration-ms="5286" started-at="2019-07-17T21:28:18Z" description="Apply leave" finished-at="2019-07-17T21:28:23Z">
          <reporter-output>
          </reporter-output>
        </test-method> <!-- applyFirstLeave -->
        <test-method status="PASS" signature="tearDown(org.testng.ITestResult)[pri:0, instance:com.expressdemo.test.TestClass@3bfdc050]" name="tearDown" is-config="true" duration-ms="0" started-at="2019-07-17T21:28:18Z" finished-at="2019-07-17T21:28:18Z">
          <params>
            <param index="0">
              <value>
                <![CDATA[[TestResult name=loginToApplication status=SUCCESS method=TestClass.loginToApplication(java.lang.String, java.lang.String)[pri:1, instance:com.expressdemo.test.TestClass@3bfdc050] output=============Inside the Home Page============]]]>
              </value>
            </param>
          </params>
          <reporter-output>
          </reporter-output>
        </test-method> <!-- tearDown -->
        <test-method status="PASS" signature="tearDown(org.testng.ITestResult)[pri:0, instance:com.expressdemo.test.TestClass@3bfdc050]" name="tearDown" is-config="true" duration-ms="0" started-at="2019-07-17T21:28:23Z" finished-at="2019-07-17T21:28:23Z">
          <params>
            <param index="0">
              <value>
                <![CDATA[[TestResult name=applyFirstLeave status=SUCCESS method=TestClass.applyFirstLeave()[pri:2, instance:com.expressdemo.test.TestClass@3bfdc050] output={null}]]]>
              </value>
            </param>
          </params>
          <reporter-output>
          </reporter-output>
        </test-method> <!-- tearDown -->
        <test-method status="PASS" signature="closeBrowser()[pri:0, instance:com.expressdemo.test.TestClass@3bfdc050]" name="closeBrowser" is-config="true" duration-ms="895" started-at="2019-07-17T21:28:23Z" finished-at="2019-07-17T21:28:24Z">
          <reporter-output>
            <line>
              <![CDATA[==========Browser Killed===========]]>
            </line>
          </reporter-output>
        </test-method> <!-- closeBrowser -->
      </class> <!-- com.expressdemo.test.TestClass -->
    </test> <!-- Default test -->
  </suite> <!-- Default suite -->
</testng-results>
